Flow report for Meio-Subtrador
Tue Oct 25 17:56:32 2016
Quartus II 32-bit Version 13.0.1 Build 232 06/12/2013 Service Pack 1 SJ Full Version


---------------------
; Table of Contents ;
---------------------
  1. Legal Notice
  2. Flow Summary
  3. Flow Settings
  4. Flow Non-Default Global Settings
  5. Flow Elapsed Time
  6. Flow OS Summary
  7. Flow Log
  8. Flow Messages
  9. Flow Suppressed Messages



----------------
; Legal Notice ;
----------------
Copyright (C) 1991-2013 Altera Corporation
Your use of Altera Corporation's design tools, logic functions 
and other software and tools, and its AMPP partner logic 
functions, and any output files from any of the foregoing 
(including device programming or simulation files), and any 
associated documentation or information are expressly subject 
to the terms and conditions of the Altera Program License 
Subscription Agreement, Altera MegaCore Function License 
Agreement, or other applicable license agreement, including, 
without limitation, that your use is for the sole purpose of 
programming logic devices manufactured by Altera and sold by 
Altera or its authorized distributors.  Please refer to the 
applicable agreement for further details.



+---------------------------------------------------------------------------------------+
; Flow Summary                                                                          ;
+------------------------------------+--------------------------------------------------+
; Flow Status                        ; Successful - Tue Oct 25 17:56:26 2016            ;
; Quartus II 32-bit Version          ; 13.0.1 Build 232 06/12/2013 SP 1 SJ Full Version ;
; Revision Name                      ; Meio-Subtrador                                   ;
; Top-level Entity Name              ; Meio-Subtrador                                   ;
; Family                             ; Cyclone IV E                                     ;
; Device                             ; EP4CE6E22A7                                      ;
; Timing Models                      ; Final                                            ;
; Total logic elements               ; 2 / 6,272 ( < 1 % )                              ;
;     Total combinational functions  ; 2 / 6,272 ( < 1 % )                              ;
;     Dedicated logic registers      ; 0 / 6,272 ( 0 % )                                ;
; Total registers                    ; 0                                                ;
; Total pins                         ; 4 / 92 ( 4 % )                                   ;
; Total virtual pins                 ; 0                                                ;
; Total memory bits                  ; 0 / 276,480 ( 0 % )                              ;
; Embedded Multiplier 9-bit elements ; 0 / 30 ( 0 % )                                   ;
; Total PLLs                         ; 0 / 2 ( 0 % )                                    ;
+------------------------------------+--------------------------------------------------+


+-----------------------------------------+
; Flow Settings                           ;
+-------------------+---------------------+
; Option            ; Setting             ;
+-------------------+---------------------+
; Start date & time ; 10/25/2016 17:56:10 ;
; Main task         ; Compilation         ;
; Revision Name     ; Meio-Subtrador      ;
+-------------------+---------------------+


+---------------------------------------------------------------------------------------------------------------+
; Flow Non-Default Global Settings                                                                              ;
+-------------------------------------+------------------------------+---------------+-------------+------------+
; Assignment Name                     ; Value                        ; Default Value ; Entity Name ; Section Id ;
+-------------------------------------+------------------------------+---------------+-------------+------------+
; COMPILER_SIGNATURE_ID               ; 622595372051.147742897028834 ; --            ; --          ; --         ;
; MAX_CORE_JUNCTION_TEMP              ; 125                          ; --            ; --          ; --         ;
; MIN_CORE_JUNCTION_TEMP              ; -40                          ; --            ; --          ; --         ;
; NOMINAL_CORE_SUPPLY_VOLTAGE         ; 1.2V                         ; --            ; --          ; --         ;
; PARTITION_COLOR                     ; 16764057                     ; --            ; --          ; Top        ;
; PARTITION_FITTER_PRESERVATION_LEVEL ; PLACEMENT_AND_ROUTING        ; --            ; --          ; Top        ;
; PARTITION_NETLIST_TYPE              ; SOURCE                       ; --            ; --          ; Top        ;
; PROJECT_OUTPUT_DIRECTORY            ; output_files                 ; --            ; --          ; --         ;
+-------------------------------------+------------------------------+---------------+-------------+------------+


+-------------------------------------------------------------------------------------------------------------------------------+
; Flow Elapsed Time                                                                                                             ;
+---------------------------+--------------+-------------------------+---------------------+------------------------------------+
; Module Name               ; Elapsed Time ; Average Processors Used ; Peak Virtual Memory ; Total CPU Time (on all processors) ;
+---------------------------+--------------+-------------------------+---------------------+------------------------------------+
; Analysis & Synthesis      ; 00:00:02     ; 1.0                     ; 340 MB              ; 00:00:02                           ;
; Fitter                    ; 00:00:08     ; 1.3                     ; 522 MB              ; 00:00:08                           ;
; Assembler                 ; 00:00:00     ; 1.0                     ; 293 MB              ; 00:00:01                           ;
; TimeQuest Timing Analyzer ; 00:00:03     ; 1.0                     ; 363 MB              ; 00:00:03                           ;
; Total                     ; 00:00:13     ; --                      ; --                  ; 00:00:14                           ;
+---------------------------+--------------+-------------------------+---------------------+------------------------------------+


+-----------------------------------------------------------------------------------------------+
; Flow OS Summary                                                                               ;
+---------------------------+------------------+---------------+---------------+----------------+
; Module Name               ; Machine Hostname ; OS Name       ; OS Version    ; Processor type ;
+---------------------------+------------------+---------------+---------------+----------------+
; Analysis & Synthesis      ; programmer       ; elementary OS ; elementary OS ; i686           ;
; Fitter                    ; programmer       ; elementary OS ; elementary OS ; i686           ;
; Assembler                 ; programmer       ; elementary OS ; elementary OS ; i686           ;
; TimeQuest Timing Analyzer ; programmer       ; elementary OS ; elementary OS ; i686           ;
+---------------------------+------------------+---------------+---------------+----------------+


------------
; Flow Log ;
------------
quartus_map --read_settings_files=on --write_settings_files=off Meio-Subtrador -c Meio-Subtrador
quartus_fit --read_settings_files=off --write_settings_files=off Meio-Subtrador -c Meio-Subtrador
quartus_asm --read_settings_files=off --write_settings_files=off Meio-Subtrador -c Meio-Subtrador
quartus_sta Meio-Subtrador -c Meio-Subtrador



